2022-03-18 13:38:41,738:INFO:PyCaret Supervised Module
2022-03-18 13:38:41,746:INFO:ML Usecase: anomaly
2022-03-18 13:38:41,746:INFO:version 2.3.6
2022-03-18 13:38:41,746:INFO:Initializing setup()
2022-03-18 13:38:41,746:INFO:setup(target=None, ml_usecase=anomaly, available_plots={'tsne': 'Anomaly TSnE (3d)', 'umap': 'UMAP Dimensionality'}, train_size=0.7, test_data=None, preprocess=True, imputation_type=simple, iterative_imputation_iters=5, categorical_features=None, categorical_imputation=mode, categorical_iterative_imputer=lightgbm, ordinal_features=None, high_cardinality_features=None, high_cardinality_method=frequency, numeric_features=None, numeric_imputation=mean, numeric_iterative_imputer=lightgbm, date_features=None, ignore_features=None, normalize=False, normalize_method=zscore, transformation=False, transformation_method=yeo-johnson, handle_unknown_categorical=True, unknown_categorical_method=least_frequent, pca=False, pca_method=linear, pca_components=None, ignore_low_variance=False, combine_rare_levels=False, rare_level_threshold=0.1, bin_numeric_features=None, remove_outliers=False, outliers_threshold=0.05, remove_multicollinearity=False, multicollinearity_threshold=0.9, remove_perfect_collinearity=False, create_clusters=False, cluster_iter=20, polynomial_features=False, polynomial_degree=2, trigonometry_features=False, polynomial_threshold=0.1, group_features=None, group_names=None, feature_selection=False, feature_selection_threshold=0.8, feature_selection_method=classic, feature_interaction=False, feature_ratio=False, interaction_threshold=0.01, fix_imbalance=False, fix_imbalance_method=None, transform_target=False, transform_target_method=box-cox, data_split_shuffle=False, data_split_stratify=False, fold_strategy=kfold, fold=10, fold_shuffle=False, fold_groups=None, n_jobs=-1, use_gpu=False, custom_pipeline=None, html=True, session_id=123, log_experiment=False, experiment_name=None, log_plots=False, log_profile=False, log_data=False, silent=False, verbose=True, profile=False, profile_kwargs=None, display=None)
2022-03-18 13:38:41,746:INFO:Checking environment
2022-03-18 13:38:41,746:INFO:python_version: 3.8.2rc2
2022-03-18 13:38:41,746:INFO:python_build: ('tags/v3.8.2rc2:777ba07', 'Feb 18 2020 09:11:15')
2022-03-18 13:38:41,746:INFO:machine: AMD64
2022-03-18 13:38:41,746:INFO:platform: Windows-10-10.0.22000-SP0
2022-03-18 13:38:41,754:INFO:Memory: svmem(total=16801886208, available=6831370240, percent=59.3, used=9970515968, free=6831370240)
2022-03-18 13:38:41,754:INFO:Physical Core: 4
2022-03-18 13:38:41,754:INFO:Logical Core: 8
2022-03-18 13:38:41,754:INFO:Checking libraries
2022-03-18 13:38:41,754:INFO:pd==1.4.1
2022-03-18 13:38:41,754:INFO:numpy==1.22.3
2022-03-18 13:38:41,754:INFO:sklearn==0.23.2
2022-03-18 13:38:41,754:INFO:lightgbm==3.3.2
2022-03-18 13:38:41,754:WARNING:catboost not found
2022-03-18 13:38:41,754:WARNING:xgboost not found
2022-03-18 13:38:47,697:INFO:mlflow==1.24.0
2022-03-18 13:38:47,697:INFO:Checking Exceptions
2022-03-18 13:38:47,697:INFO:Declaring global variables
2022-03-18 13:38:47,697:INFO:USI: d2c9
2022-03-18 13:38:47,697:INFO:pycaret_globals: {'seed', 'fold_groups_param_full', 'iterative_imputation_iters_param', 'transform_target_method_param', '_all_metrics', 'n_jobs_param', 'gpu_param', '_all_models_internal', 'imputation_regressor', 'html_param', 'fold_param', '_ml_usecase', '_available_plots', 'fold_shuffle_param', 'display_container', 'exp_name_log', 'fix_imbalance_method_param', 'log_plots_param', 'USI', '_internal_pipeline', 'prep_pipe', 'experiment__', 'create_model_container', 'master_model_container', 'target_param', 'logging_param', 'stratify_param', 'fold_groups_param', 'transform_target_param', 'pycaret_globals', 'data_before_preprocess', 'fix_imbalance_param', '_all_models', 'fold_generator', '_gpu_n_jobs_param', 'X', 'imputation_classifier'}
2022-03-18 13:38:47,697:INFO:Preparing display monitor
2022-03-18 13:38:47,697:INFO:Preparing display monitor
2022-03-18 13:38:47,758:INFO:Importing libraries
2022-03-18 13:38:47,758:INFO:Copying data for preprocessing
2022-03-18 13:38:47,766:INFO:Declaring preprocessing parameters
2022-03-18 13:38:48,511:INFO:Creating preprocessing pipeline
2022-03-18 13:38:48,519:INFO:Preprocessing pipeline created successfully
2022-03-18 13:38:48,519:ERROR:(Process Exit): setup has been interupted with user command 'quit'. setup must rerun.
2022-03-18 13:38:48,519:INFO:Creating global containers
2022-03-18 13:38:48,527:INFO:Internal pipeline: Pipeline(memory=None, steps=[('empty_step', 'passthrough')], verbose=False)
2022-03-18 18:56:40,334:INFO:PyCaret Supervised Module
2022-03-18 18:56:40,335:INFO:ML Usecase: anomaly
2022-03-18 18:56:40,335:INFO:version 2.3.6
2022-03-18 18:56:40,335:INFO:Initializing setup()
2022-03-18 18:56:40,335:INFO:setup(target=None, ml_usecase=anomaly, available_plots={'tsne': 'Anomaly TSnE (3d)', 'umap': 'UMAP Dimensionality'}, train_size=0.7, test_data=None, preprocess=True, imputation_type=simple, iterative_imputation_iters=5, categorical_features=None, categorical_imputation=mode, categorical_iterative_imputer=lightgbm, ordinal_features=None, high_cardinality_features=None, high_cardinality_method=frequency, numeric_features=None, numeric_imputation=mean, numeric_iterative_imputer=lightgbm, date_features=None, ignore_features=None, normalize=False, normalize_method=zscore, transformation=False, transformation_method=yeo-johnson, handle_unknown_categorical=True, unknown_categorical_method=least_frequent, pca=False, pca_method=linear, pca_components=None, ignore_low_variance=False, combine_rare_levels=False, rare_level_threshold=0.1, bin_numeric_features=None, remove_outliers=False, outliers_threshold=0.05, remove_multicollinearity=False, multicollinearity_threshold=0.9, remove_perfect_collinearity=False, create_clusters=False, cluster_iter=20, polynomial_features=False, polynomial_degree=2, trigonometry_features=False, polynomial_threshold=0.1, group_features=None, group_names=None, feature_selection=False, feature_selection_threshold=0.8, feature_selection_method=classic, feature_interaction=False, feature_ratio=False, interaction_threshold=0.01, fix_imbalance=False, fix_imbalance_method=None, transform_target=False, transform_target_method=box-cox, data_split_shuffle=False, data_split_stratify=False, fold_strategy=kfold, fold=10, fold_shuffle=False, fold_groups=None, n_jobs=-1, use_gpu=False, custom_pipeline=None, html=True, session_id=123, log_experiment=False, experiment_name=None, log_plots=False, log_profile=False, log_data=False, silent=False, verbose=True, profile=False, profile_kwargs=None, display=None)
2022-03-18 18:56:40,336:INFO:Checking environment
2022-03-18 18:56:40,336:INFO:python_version: 3.8.2rc2
2022-03-18 18:56:40,336:INFO:python_build: ('tags/v3.8.2rc2:777ba07', 'Feb 18 2020 09:11:15')
2022-03-18 18:56:40,336:INFO:machine: AMD64
2022-03-18 18:56:40,337:INFO:platform: Windows-10-10.0.22000-SP0
2022-03-18 18:56:40,337:INFO:Memory: svmem(total=16801886208, available=6935482368, percent=58.7, used=9866403840, free=6935482368)
2022-03-18 18:56:40,337:INFO:Physical Core: 4
2022-03-18 18:56:40,338:INFO:Logical Core: 8
2022-03-18 18:56:40,338:INFO:Checking libraries
2022-03-18 18:56:40,338:INFO:pd==1.4.1
2022-03-18 18:56:40,338:INFO:numpy==1.21.0
2022-03-18 18:56:40,338:INFO:sklearn==0.23.2
2022-03-18 18:56:40,339:INFO:lightgbm==3.3.2
2022-03-18 18:56:40,340:WARNING:catboost not found
2022-03-18 18:56:40,342:WARNING:xgboost not found
2022-03-18 18:56:40,781:INFO:mlflow==1.24.0
2022-03-18 18:56:40,782:INFO:Checking Exceptions
2022-03-18 18:56:40,783:INFO:Declaring global variables
2022-03-18 18:56:40,783:INFO:USI: aee8
2022-03-18 18:56:40,784:INFO:pycaret_globals: {'fix_imbalance_param', '_all_models_internal', 'prep_pipe', 'experiment__', '_all_metrics', '_available_plots', 'log_plots_param', 'stratify_param', '_gpu_n_jobs_param', 'create_model_container', 'master_model_container', 'fold_param', 'transform_target_param', 'data_before_preprocess', '_ml_usecase', 'gpu_param', '_all_models', 'logging_param', 'pycaret_globals', 'target_param', '_internal_pipeline', 'html_param', 'fold_groups_param_full', 'iterative_imputation_iters_param', 'USI', 'X', 'fold_groups_param', 'seed', 'transform_target_method_param', 'exp_name_log', 'fold_shuffle_param', 'imputation_regressor', 'n_jobs_param', 'imputation_classifier', 'display_container', 'fold_generator', 'fix_imbalance_method_param'}
2022-03-18 18:56:40,784:INFO:Preparing display monitor
2022-03-18 18:56:40,784:INFO:Preparing display monitor
2022-03-18 18:56:40,803:INFO:Importing libraries
2022-03-18 18:56:40,803:INFO:Copying data for preprocessing
2022-03-18 18:56:40,809:INFO:Declaring preprocessing parameters
2022-03-18 18:56:41,371:INFO:Creating preprocessing pipeline
2022-03-18 18:56:41,376:INFO:Preprocessing pipeline created successfully
2022-03-18 18:56:41,376:ERROR:(Process Exit): setup has been interupted with user command 'quit'. setup must rerun.
2022-03-18 18:56:41,376:INFO:Creating global containers
2022-03-18 18:56:41,378:INFO:Internal pipeline: Pipeline(memory=None, steps=[('empty_step', 'passthrough')], verbose=False)
2022-03-18 18:56:47,263:INFO:Creating grid variables
2022-03-18 18:56:47,274:INFO:create_model_container: 0
2022-03-18 18:56:47,275:INFO:master_model_container: 0
2022-03-18 18:56:47,275:INFO:display_container: 1
2022-03-18 18:56:47,278:INFO:Pipeline(memory=None,
         steps=[('dtypes',
                 DataTypes_Auto_infer(categorical_features=[],
                                      display_types=True, features_todrop=[],
                                      id_columns=[], ml_usecase='regression',
                                      numerical_features=[],
                                      target='UNSUPERVISED_DUMMY_TARGET',
                                      time_features=[])),
                ('imputer',
                 Simple_Imputer(categorical_strategy='most frequent',
                                fill_value_categorical=None,
                                fill_value_numerical=None...
                ('scaling', 'passthrough'), ('P_transform', 'passthrough'),
                ('binn', 'passthrough'), ('rem_outliers', 'passthrough'),
                ('cluster_all', 'passthrough'),
                ('dummy', Dummify(target='UNSUPERVISED_DUMMY_TARGET')),
                ('fix_perfect', 'passthrough'),
                ('clean_names', Clean_Colum_Names()),
                ('feature_select', 'passthrough'), ('fix_multi', 'passthrough'),
                ('dfs', 'passthrough'), ('pca', 'passthrough')],
         verbose=False)
2022-03-18 18:56:47,278:INFO:setup() succesfully completed......................................
2022-03-18 18:58:41,286:INFO:Initializing create_model()
2022-03-18 18:58:41,286:INFO:create_model(estimator=iforest, num_clusters=4, fraction=0.05, ground_truth=None, round=4, fit_kwargs=None, verbose=True, system=True, add_to_model_list=True, raise_num_clusters=False, display=None, kwargs={})
2022-03-18 18:58:41,286:INFO:Checking exceptions
2022-03-18 18:58:41,286:INFO:Preparing display monitor
2022-03-18 18:58:41,302:INFO:Importing libraries
2022-03-18 18:58:41,310:INFO:Importing untrained model
2022-03-18 18:58:41,318:INFO:Isolation Forest Imported succesfully
2022-03-18 18:58:41,326:INFO:Fitting Model
2022-03-18 18:58:41,900:INFO:IForest(behaviour='new', bootstrap=False, contamination=0.05,
    max_features=1.0, max_samples='auto', n_estimators=100, n_jobs=-1,
    random_state=123, verbose=0)
2022-03-18 18:58:41,900:INFO:create_models() succesfully completed......................................
2022-03-18 18:58:41,900:INFO:Uploading results into container
2022-03-18 18:58:41,900:INFO:Uploading model into container now
2022-03-18 18:58:41,900:INFO:create_model_container: 1
2022-03-18 18:58:41,900:INFO:master_model_container: 1
2022-03-18 18:58:41,900:INFO:display_container: 2
2022-03-18 18:58:41,900:INFO:IForest(behaviour='new', bootstrap=False, contamination=0.05,
    max_features=1.0, max_samples='auto', n_estimators=100, n_jobs=-1,
    random_state=123, verbose=0)
2022-03-18 18:58:41,900:INFO:create_model() succesfully completed......................................
2022-03-18 19:08:49,919:INFO:Initializing assign_model()
2022-03-18 19:08:49,919:INFO:assign_model(model=IForest(behaviour='new', bootstrap=False, contamination=0.05,
    max_features=1.0, max_samples='auto', n_estimators=100, n_jobs=-1,
    random_state=123, verbose=0), transformation=False, score=True, verbose=True)
2022-03-18 19:08:49,919:INFO:Checking exceptions
2022-03-18 19:08:49,919:INFO:Determining Trained Model
2022-03-18 19:08:49,919:INFO:Trained Model : Isolation Forest
2022-03-18 19:08:49,919:INFO:Copying data
2022-03-18 19:08:49,919:INFO:(730, 15)
2022-03-18 19:08:49,919:INFO:assign_model() succesfully completed......................................
2022-03-18 19:16:37,865:INFO:PyCaret Supervised Module
2022-03-18 19:16:37,865:INFO:ML Usecase: anomaly
2022-03-18 19:16:37,865:INFO:version 2.3.6
2022-03-18 19:16:37,865:INFO:Initializing setup()
2022-03-18 19:16:37,865:INFO:setup(target=None, ml_usecase=anomaly, available_plots={'tsne': 'Anomaly TSnE (3d)', 'umap': 'UMAP Dimensionality'}, train_size=0.7, test_data=None, preprocess=True, imputation_type=simple, iterative_imputation_iters=5, categorical_features=None, categorical_imputation=mode, categorical_iterative_imputer=lightgbm, ordinal_features=None, high_cardinality_features=None, high_cardinality_method=frequency, numeric_features=None, numeric_imputation=mean, numeric_iterative_imputer=lightgbm, date_features=None, ignore_features=None, normalize=False, normalize_method=zscore, transformation=False, transformation_method=yeo-johnson, handle_unknown_categorical=True, unknown_categorical_method=least_frequent, pca=False, pca_method=linear, pca_components=None, ignore_low_variance=False, combine_rare_levels=False, rare_level_threshold=0.1, bin_numeric_features=None, remove_outliers=False, outliers_threshold=0.05, remove_multicollinearity=False, multicollinearity_threshold=0.9, remove_perfect_collinearity=False, create_clusters=False, cluster_iter=20, polynomial_features=False, polynomial_degree=2, trigonometry_features=False, polynomial_threshold=0.1, group_features=None, group_names=None, feature_selection=False, feature_selection_threshold=0.8, feature_selection_method=classic, feature_interaction=False, feature_ratio=False, interaction_threshold=0.01, fix_imbalance=False, fix_imbalance_method=None, transform_target=False, transform_target_method=box-cox, data_split_shuffle=False, data_split_stratify=False, fold_strategy=kfold, fold=10, fold_shuffle=False, fold_groups=None, n_jobs=-1, use_gpu=False, custom_pipeline=None, html=True, session_id=123, log_experiment=False, experiment_name=None, log_plots=False, log_profile=False, log_data=False, silent=False, verbose=True, profile=False, profile_kwargs=None, display=None)
2022-03-18 19:16:37,865:INFO:Checking environment
2022-03-18 19:16:37,865:INFO:python_version: 3.8.2rc2
2022-03-18 19:16:37,865:INFO:python_build: ('tags/v3.8.2rc2:777ba07', 'Feb 18 2020 09:11:15')
2022-03-18 19:16:37,865:INFO:machine: AMD64
2022-03-18 19:16:37,865:INFO:platform: Windows-10-10.0.22000-SP0
2022-03-18 19:16:37,865:INFO:Memory: svmem(total=16801886208, available=6948421632, percent=58.6, used=9853464576, free=6948421632)
2022-03-18 19:16:37,865:INFO:Physical Core: 4
2022-03-18 19:16:37,865:INFO:Logical Core: 8
2022-03-18 19:16:37,865:INFO:Checking libraries
2022-03-18 19:16:37,865:INFO:pd==1.4.1
2022-03-18 19:16:37,865:INFO:numpy==1.21.0
2022-03-18 19:16:37,865:INFO:sklearn==0.23.2
2022-03-18 19:16:37,865:INFO:lightgbm==3.3.2
2022-03-18 19:16:37,865:WARNING:catboost not found
2022-03-18 19:16:37,865:WARNING:xgboost not found
2022-03-18 19:16:38,259:INFO:mlflow==1.24.0
2022-03-18 19:16:38,259:INFO:Checking Exceptions
2022-03-18 19:16:38,259:INFO:Declaring global variables
2022-03-18 19:16:38,259:INFO:USI: 386f
2022-03-18 19:16:38,259:INFO:pycaret_globals: {'iterative_imputation_iters_param', 'fold_groups_param', 'transform_target_method_param', 'create_model_container', 'fix_imbalance_method_param', 'master_model_container', 'fold_shuffle_param', '_available_plots', 'seed', 'html_param', 'fold_param', 'experiment__', 'display_container', '_gpu_n_jobs_param', 'data_before_preprocess', 'USI', 'fold_generator', 'gpu_param', '_all_models_internal', 'fold_groups_param_full', '_ml_usecase', 'fix_imbalance_param', 'imputation_classifier', '_all_models', 'stratify_param', 'target_param', 'prep_pipe', '_internal_pipeline', 'log_plots_param', 'pycaret_globals', 'logging_param', 'X', 'transform_target_param', 'exp_name_log', 'n_jobs_param', 'imputation_regressor', '_all_metrics'}
2022-03-18 19:16:38,259:INFO:Preparing display monitor
2022-03-18 19:16:38,259:INFO:Preparing display monitor
2022-03-18 19:16:38,284:INFO:Importing libraries
2022-03-18 19:16:38,284:INFO:Copying data for preprocessing
2022-03-18 19:16:38,300:INFO:Declaring preprocessing parameters
2022-03-18 19:16:38,886:INFO:Creating preprocessing pipeline
2022-03-18 19:16:38,886:INFO:Preprocessing pipeline created successfully
2022-03-18 19:16:38,886:ERROR:(Process Exit): setup has been interupted with user command 'quit'. setup must rerun.
2022-03-18 19:16:38,886:INFO:Creating global containers
2022-03-18 19:16:38,886:INFO:Internal pipeline: Pipeline(memory=None, steps=[('empty_step', 'passthrough')], verbose=False)
2022-03-18 19:16:46,393:INFO:Creating grid variables
2022-03-18 19:16:46,407:INFO:create_model_container: 0
2022-03-18 19:16:46,407:INFO:master_model_container: 0
2022-03-18 19:16:46,415:INFO:display_container: 1
2022-03-18 19:16:46,423:INFO:Pipeline(memory=None,
         steps=[('dtypes',
                 DataTypes_Auto_infer(categorical_features=[],
                                      display_types=True, features_todrop=[],
                                      id_columns=[], ml_usecase='regression',
                                      numerical_features=[],
                                      target='UNSUPERVISED_DUMMY_TARGET',
                                      time_features=[])),
                ('imputer',
                 Simple_Imputer(categorical_strategy='most frequent',
                                fill_value_categorical=None,
                                fill_value_numerical=None...
                ('scaling', 'passthrough'), ('P_transform', 'passthrough'),
                ('binn', 'passthrough'), ('rem_outliers', 'passthrough'),
                ('cluster_all', 'passthrough'),
                ('dummy', Dummify(target='UNSUPERVISED_DUMMY_TARGET')),
                ('fix_perfect', 'passthrough'),
                ('clean_names', Clean_Colum_Names()),
                ('feature_select', 'passthrough'), ('fix_multi', 'passthrough'),
                ('dfs', 'passthrough'), ('pca', 'passthrough')],
         verbose=False)
2022-03-18 19:16:46,423:INFO:setup() succesfully completed......................................
2022-03-18 19:16:53,234:INFO:Initializing create_model()
2022-03-18 19:16:53,234:INFO:create_model(estimator=iforest, num_clusters=4, fraction=0.05, ground_truth=None, round=4, fit_kwargs=None, verbose=True, system=True, add_to_model_list=True, raise_num_clusters=False, display=None, kwargs={})
2022-03-18 19:16:53,234:INFO:Checking exceptions
2022-03-18 19:16:53,242:INFO:Preparing display monitor
2022-03-18 19:16:53,250:INFO:Importing libraries
2022-03-18 19:16:53,258:INFO:Importing untrained model
2022-03-18 19:16:53,266:INFO:Isolation Forest Imported succesfully
2022-03-18 19:16:53,282:INFO:Fitting Model
2022-03-18 19:16:53,923:INFO:IForest(behaviour='new', bootstrap=False, contamination=0.05,
    max_features=1.0, max_samples='auto', n_estimators=100, n_jobs=-1,
    random_state=123, verbose=0)
2022-03-18 19:16:53,923:INFO:create_models() succesfully completed......................................
2022-03-18 19:16:53,923:INFO:Uploading results into container
2022-03-18 19:16:53,931:INFO:Uploading model into container now
2022-03-18 19:16:53,931:INFO:create_model_container: 1
2022-03-18 19:16:53,931:INFO:master_model_container: 1
2022-03-18 19:16:53,931:INFO:display_container: 2
2022-03-18 19:16:53,931:INFO:IForest(behaviour='new', bootstrap=False, contamination=0.05,
    max_features=1.0, max_samples='auto', n_estimators=100, n_jobs=-1,
    random_state=123, verbose=0)
2022-03-18 19:16:53,931:INFO:create_model() succesfully completed......................................
2022-03-18 19:16:56,246:INFO:Initializing assign_model()
2022-03-18 19:16:56,246:INFO:assign_model(model=IForest(behaviour='new', bootstrap=False, contamination=0.05,
    max_features=1.0, max_samples='auto', n_estimators=100, n_jobs=-1,
    random_state=123, verbose=0), transformation=False, score=True, verbose=True)
2022-03-18 19:16:56,246:INFO:Checking exceptions
2022-03-18 19:16:56,246:INFO:Determining Trained Model
2022-03-18 19:16:56,246:INFO:Trained Model : Isolation Forest
2022-03-18 19:16:56,246:INFO:Copying data
2022-03-18 19:16:56,246:INFO:(726, 6)
2022-03-18 19:16:56,246:INFO:assign_model() succesfully completed......................................
2022-03-18 19:18:46,357:INFO:Initializing plot_model()
2022-03-18 19:18:46,357:INFO:plot_model(fold=None, use_train_data=False, verbose=True, is_in_evaluate=False, display=None, display_format=None, estimator=IForest(behaviour='new', bootstrap=False, contamination=0.05,
    max_features=1.0, max_samples='auto', n_estimators=100, n_jobs=-1,
    random_state=123, verbose=0), feature_name=None, fit_kwargs=None, groups=None, label=False, plot=tsne, plot_kwargs=None, save=False, scale=1, system=True)
2022-03-18 19:18:46,357:INFO:Checking exceptions
2022-03-18 19:18:46,373:INFO:Preparing display monitor
2022-03-18 19:18:46,381:INFO:Preloading libraries
2022-03-18 19:18:46,397:INFO:Copying training dataset
2022-03-18 19:18:46,429:INFO:Plot type: tsne
2022-03-18 19:18:46,517:INFO:SubProcess assign_model() called ==================================
2022-03-18 19:18:46,517:INFO:Initializing assign_model()
2022-03-18 19:18:46,517:INFO:assign_model(model=IForest(behaviour='new', bootstrap=False, contamination=0.05,
    max_features=1.0, max_samples='auto', n_estimators=100, n_jobs=-1,
    random_state=123, verbose=0), transformation=True, score=False, verbose=False)
2022-03-18 19:18:46,517:INFO:Checking exceptions
2022-03-18 19:18:46,517:INFO:Determining Trained Model
2022-03-18 19:18:46,517:INFO:Trained Model : Isolation Forest
2022-03-18 19:18:46,517:INFO:Copying data
2022-03-18 19:18:46,517:INFO:Transformation param set to True. Assigned clusters are attached on transformed dataset.
2022-03-18 19:18:46,517:INFO:(726, 5)
2022-03-18 19:18:46,517:INFO:assign_model() succesfully completed......................................
2022-03-18 19:18:46,517:INFO:SubProcess assign_model() end ==================================
2022-03-18 19:18:46,525:INFO:Getting dummies to cast categorical variables
2022-03-18 19:18:46,525:INFO:Fitting TSNE()
2022-03-18 19:18:54,751:INFO:Rendering Visual
2022-03-18 19:19:00,675:INFO:Visual Rendered Successfully
2022-03-18 19:19:00,810:INFO:plot_model() succesfully completed......................................
2022-03-19 18:18:26,019:INFO:Initializing create_model()
2022-03-19 18:18:26,023:INFO:create_model(estimator=iforest, num_clusters=4, fraction=0.05, ground_truth=None, round=4, fit_kwargs=None, verbose=True, system=True, add_to_model_list=True, raise_num_clusters=False, display=None, kwargs={})
2022-03-19 18:18:26,023:INFO:Checking exceptions
2022-03-19 18:19:17,935:INFO:Initializing create_model()
2022-03-19 18:19:17,935:INFO:create_model(estimator=iforest, num_clusters=4, fraction=0.05, ground_truth=None, round=4, fit_kwargs=None, verbose=True, system=True, add_to_model_list=True, raise_num_clusters=False, display=None, kwargs={})
2022-03-19 18:19:17,951:INFO:Checking exceptions
2022-03-19 18:20:38,742:INFO:Initializing create_model()
2022-03-19 18:20:38,742:INFO:create_model(estimator=iforest, num_clusters=4, fraction=0.05, ground_truth=None, round=4, fit_kwargs=None, verbose=True, system=True, add_to_model_list=True, raise_num_clusters=False, display=None, kwargs={})
2022-03-19 18:20:38,742:INFO:Checking exceptions
2022-03-19 18:20:45,338:INFO:Initializing create_model()
2022-03-19 18:20:45,338:INFO:create_model(estimator=iforest, num_clusters=4, fraction=0.05, ground_truth=None, round=4, fit_kwargs=None, verbose=True, system=True, add_to_model_list=True, raise_num_clusters=False, display=None, kwargs={})
2022-03-19 18:20:45,338:INFO:Checking exceptions
2022-03-19 18:22:57,175:INFO:Initializing create_model()
2022-03-19 18:22:57,176:INFO:create_model(estimator=iforest, num_clusters=4, fraction=0.05, ground_truth=None, round=4, fit_kwargs=None, verbose=True, system=True, add_to_model_list=True, raise_num_clusters=False, display=None, kwargs={})
2022-03-19 18:22:57,177:INFO:Checking exceptions
2022-03-19 18:26:56,662:INFO:Initializing create_model()
2022-03-19 18:26:56,663:INFO:create_model(estimator=iforest, num_clusters=4, fraction=0.05, ground_truth=None, round=4, fit_kwargs=None, verbose=True, system=True, add_to_model_list=True, raise_num_clusters=False, display=None, kwargs={})
2022-03-19 18:26:56,664:INFO:Checking exceptions
2022-03-19 18:29:07,910:INFO:Initializing create_model()
2022-03-19 18:29:07,912:INFO:create_model(estimator=iforest, num_clusters=4, fraction=0.05, ground_truth=None, round=4, fit_kwargs=None, verbose=True, system=True, add_to_model_list=True, raise_num_clusters=False, display=None, kwargs={})
2022-03-19 18:29:07,914:INFO:Checking exceptions
2022-03-19 18:43:02,781:INFO:Initializing create_model()
2022-03-19 18:43:02,782:INFO:create_model(estimator=iforest, num_clusters=4, fraction=0.05, ground_truth=None, round=4, fit_kwargs=None, verbose=True, system=True, add_to_model_list=True, raise_num_clusters=False, display=None, kwargs={})
2022-03-19 18:43:02,782:INFO:Checking exceptions
2022-03-19 18:44:01,266:INFO:Initializing create_model()
2022-03-19 18:44:01,267:INFO:create_model(estimator=iforest, num_clusters=4, fraction=0.05, ground_truth=None, round=4, fit_kwargs=None, verbose=True, system=True, add_to_model_list=True, raise_num_clusters=False, display=None, kwargs={})
2022-03-19 18:44:01,268:INFO:Checking exceptions
2022-03-19 18:45:16,270:INFO:Initializing create_model()
2022-03-19 18:45:16,270:INFO:create_model(estimator=iforest, num_clusters=4, fraction=0.05, ground_truth=None, round=4, fit_kwargs=None, verbose=True, system=True, add_to_model_list=True, raise_num_clusters=False, display=None, kwargs={})
2022-03-19 18:45:16,270:INFO:Checking exceptions
2022-03-19 18:45:25,902:INFO:Initializing create_model()
2022-03-19 18:45:25,902:INFO:create_model(estimator=iforest, num_clusters=4, fraction=0.05, ground_truth=None, round=4, fit_kwargs=None, verbose=True, system=True, add_to_model_list=True, raise_num_clusters=False, display=None, kwargs={})
2022-03-19 18:45:25,903:INFO:Checking exceptions
2022-03-19 18:45:45,195:INFO:Initializing create_model()
2022-03-19 18:45:45,196:INFO:create_model(estimator=iforest, num_clusters=4, fraction=0.05, ground_truth=None, round=4, fit_kwargs=None, verbose=True, system=True, add_to_model_list=True, raise_num_clusters=False, display=None, kwargs={})
2022-03-19 18:45:45,197:INFO:Checking exceptions
2022-03-19 18:48:39,495:INFO:PyCaret Supervised Module
2022-03-19 18:48:39,495:INFO:ML Usecase: anomaly
2022-03-19 18:48:39,495:INFO:version 2.3.6
2022-03-19 18:48:39,496:INFO:Initializing setup()
2022-03-19 18:48:39,496:INFO:setup(target=None, ml_usecase=anomaly, available_plots={'tsne': 'Anomaly TSnE (3d)', 'umap': 'UMAP Dimensionality'}, train_size=0.7, test_data=None, preprocess=True, imputation_type=simple, iterative_imputation_iters=5, categorical_features=None, categorical_imputation=mode, categorical_iterative_imputer=lightgbm, ordinal_features=None, high_cardinality_features=None, high_cardinality_method=frequency, numeric_features=None, numeric_imputation=mean, numeric_iterative_imputer=lightgbm, date_features=None, ignore_features=None, normalize=False, normalize_method=zscore, transformation=False, transformation_method=yeo-johnson, handle_unknown_categorical=True, unknown_categorical_method=least_frequent, pca=False, pca_method=linear, pca_components=None, ignore_low_variance=False, combine_rare_levels=False, rare_level_threshold=0.1, bin_numeric_features=None, remove_outliers=False, outliers_threshold=0.05, remove_multicollinearity=False, multicollinearity_threshold=0.9, remove_perfect_collinearity=False, create_clusters=False, cluster_iter=20, polynomial_features=False, polynomial_degree=2, trigonometry_features=False, polynomial_threshold=0.1, group_features=None, group_names=None, feature_selection=False, feature_selection_threshold=0.8, feature_selection_method=classic, feature_interaction=False, feature_ratio=False, interaction_threshold=0.01, fix_imbalance=False, fix_imbalance_method=None, transform_target=False, transform_target_method=box-cox, data_split_shuffle=False, data_split_stratify=False, fold_strategy=kfold, fold=10, fold_shuffle=False, fold_groups=None, n_jobs=-1, use_gpu=False, custom_pipeline=None, html=True, session_id=123, log_experiment=False, experiment_name=None, log_plots=False, log_profile=False, log_data=False, silent=False, verbose=True, profile=False, profile_kwargs=None, display=None)
2022-03-19 18:48:39,496:INFO:Checking environment
2022-03-19 18:48:39,496:INFO:python_version: 3.9.7
2022-03-19 18:48:39,496:INFO:python_build: ('default', 'Sep 16 2021 16:59:28')
2022-03-19 18:48:39,496:INFO:machine: AMD64
2022-03-19 18:48:39,497:INFO:platform: Windows-10-10.0.22000-SP0
2022-03-19 18:48:39,497:INFO:Memory: svmem(total=16801886208, available=6601322496, percent=60.7, used=10200563712, free=6601322496)
2022-03-19 18:48:39,497:INFO:Physical Core: 4
2022-03-19 18:48:39,497:INFO:Logical Core: 8
2022-03-19 18:48:39,497:INFO:Checking libraries
2022-03-19 18:48:39,497:INFO:pd==1.3.4
2022-03-19 18:48:39,497:INFO:numpy==1.19.5
2022-03-19 18:48:39,497:INFO:sklearn==0.23.2
2022-03-19 18:48:39,497:INFO:lightgbm==3.3.2
2022-03-19 18:48:39,498:WARNING:catboost not found
2022-03-19 18:48:39,499:WARNING:xgboost not found
2022-03-19 18:48:39,868:INFO:mlflow==1.24.0
2022-03-19 18:48:39,869:INFO:Checking Exceptions
2022-03-19 18:48:39,869:INFO:Declaring global variables
2022-03-19 18:48:39,869:INFO:USI: e29d
2022-03-19 18:48:39,869:INFO:pycaret_globals: {'pycaret_globals', 'exp_name_log', 'USI', 'fold_groups_param_full', 'display_container', 'target_param', '_gpu_n_jobs_param', 'fold_groups_param', 'experiment__', 'imputation_classifier', 'create_model_container', 'logging_param', 'fix_imbalance_method_param', 'fix_imbalance_param', 'gpu_param', 'log_plots_param', '_ml_usecase', 'fold_generator', 'n_jobs_param', '_all_metrics', 'transform_target_method_param', 'master_model_container', 'stratify_param', '_all_models_internal', 'seed', 'X', 'html_param', 'data_before_preprocess', '_all_models', 'transform_target_param', 'prep_pipe', 'imputation_regressor', 'fold_param', 'fold_shuffle_param', '_internal_pipeline', '_available_plots', 'iterative_imputation_iters_param'}
2022-03-19 18:48:39,869:INFO:Preparing display monitor
2022-03-19 18:48:39,869:INFO:Preparing display monitor
2022-03-19 18:48:39,886:INFO:Importing libraries
2022-03-19 18:48:39,887:INFO:Copying data for preprocessing
2022-03-19 18:48:39,895:INFO:Declaring preprocessing parameters
2022-03-19 18:48:39,898:INFO:Creating preprocessing pipeline
2022-03-19 18:48:39,904:INFO:Preprocessing pipeline created successfully
2022-03-19 18:48:39,904:ERROR:(Process Exit): setup has been interupted with user command 'quit'. setup must rerun.
2022-03-19 18:48:39,904:INFO:Creating global containers
2022-03-19 18:48:39,906:INFO:Internal pipeline: Pipeline(memory=None, steps=[('empty_step', 'passthrough')], verbose=False)
2022-03-19 18:48:44,370:INFO:Creating grid variables
2022-03-19 18:48:44,378:INFO:create_model_container: 0
2022-03-19 18:48:44,379:INFO:master_model_container: 0
2022-03-19 18:48:44,379:INFO:display_container: 1
2022-03-19 18:48:44,383:INFO:Pipeline(memory=None,
         steps=[('dtypes',
                 DataTypes_Auto_infer(categorical_features=[],
                                      display_types=True, features_todrop=[],
                                      id_columns=[], ml_usecase='regression',
                                      numerical_features=[],
                                      target='UNSUPERVISED_DUMMY_TARGET',
                                      time_features=[])),
                ('imputer',
                 Simple_Imputer(categorical_strategy='most frequent',
                                fill_value_categorical=None,
                                fill_value_numerical=None...
                ('scaling', 'passthrough'), ('P_transform', 'passthrough'),
                ('binn', 'passthrough'), ('rem_outliers', 'passthrough'),
                ('cluster_all', 'passthrough'),
                ('dummy', Dummify(target='UNSUPERVISED_DUMMY_TARGET')),
                ('fix_perfect', 'passthrough'),
                ('clean_names', Clean_Colum_Names()),
                ('feature_select', 'passthrough'), ('fix_multi', 'passthrough'),
                ('dfs', 'passthrough'), ('pca', 'passthrough')],
         verbose=False)
2022-03-19 18:48:44,384:INFO:setup() succesfully completed......................................
2022-03-19 18:48:50,152:INFO:Initializing create_model()
2022-03-19 18:48:50,153:INFO:create_model(estimator=iforest, num_clusters=4, fraction=0.05, ground_truth=None, round=4, fit_kwargs=None, verbose=True, system=True, add_to_model_list=True, raise_num_clusters=False, display=None, kwargs={})
2022-03-19 18:48:50,153:INFO:Checking exceptions
2022-03-19 18:48:50,153:INFO:Preparing display monitor
2022-03-19 18:48:50,165:INFO:Importing libraries
2022-03-19 18:48:50,177:INFO:Importing untrained model
2022-03-19 18:48:50,190:INFO:Isolation Forest Imported succesfully
2022-03-19 18:48:50,200:INFO:Fitting Model
2022-03-19 18:48:50,713:INFO:IForest(behaviour='new', bootstrap=False, contamination=0.05,
    max_features=1.0, max_samples='auto', n_estimators=100, n_jobs=-1,
    random_state=123, verbose=0)
2022-03-19 18:48:50,713:INFO:create_models() succesfully completed......................................
2022-03-19 18:48:50,713:INFO:Uploading results into container
2022-03-19 18:48:50,714:INFO:Uploading model into container now
2022-03-19 18:48:50,714:INFO:create_model_container: 1
2022-03-19 18:48:50,714:INFO:master_model_container: 1
2022-03-19 18:48:50,714:INFO:display_container: 2
2022-03-19 18:48:50,714:INFO:IForest(behaviour='new', bootstrap=False, contamination=0.05,
    max_features=1.0, max_samples='auto', n_estimators=100, n_jobs=-1,
    random_state=123, verbose=0)
2022-03-19 18:48:50,715:INFO:create_model() succesfully completed......................................
2022-03-19 18:48:53,569:INFO:Initializing assign_model()
2022-03-19 18:48:53,569:INFO:assign_model(model=IForest(behaviour='new', bootstrap=False, contamination=0.05,
    max_features=1.0, max_samples='auto', n_estimators=100, n_jobs=-1,
    random_state=123, verbose=0), transformation=False, score=True, verbose=True)
2022-03-19 18:48:53,569:INFO:Checking exceptions
2022-03-19 18:48:53,569:INFO:Determining Trained Model
2022-03-19 18:48:53,570:INFO:Trained Model : Isolation Forest
2022-03-19 18:48:53,570:INFO:Copying data
2022-03-19 18:48:53,571:INFO:(726, 6)
2022-03-19 18:48:53,571:INFO:assign_model() succesfully completed......................................
2022-03-19 18:51:28,655:INFO:PyCaret Supervised Module
2022-03-19 18:51:28,655:INFO:ML Usecase: anomaly
2022-03-19 18:51:28,657:INFO:version 2.3.6
2022-03-19 18:51:28,657:INFO:Initializing setup()
2022-03-19 18:51:28,657:INFO:setup(target=None, ml_usecase=anomaly, available_plots={'tsne': 'Anomaly TSnE (3d)', 'umap': 'UMAP Dimensionality'}, train_size=0.7, test_data=None, preprocess=True, imputation_type=simple, iterative_imputation_iters=5, categorical_features=None, categorical_imputation=mode, categorical_iterative_imputer=lightgbm, ordinal_features=None, high_cardinality_features=None, high_cardinality_method=frequency, numeric_features=None, numeric_imputation=mean, numeric_iterative_imputer=lightgbm, date_features=None, ignore_features=None, normalize=False, normalize_method=zscore, transformation=False, transformation_method=yeo-johnson, handle_unknown_categorical=True, unknown_categorical_method=least_frequent, pca=False, pca_method=linear, pca_components=None, ignore_low_variance=False, combine_rare_levels=False, rare_level_threshold=0.1, bin_numeric_features=None, remove_outliers=False, outliers_threshold=0.05, remove_multicollinearity=False, multicollinearity_threshold=0.9, remove_perfect_collinearity=False, create_clusters=False, cluster_iter=20, polynomial_features=False, polynomial_degree=2, trigonometry_features=False, polynomial_threshold=0.1, group_features=None, group_names=None, feature_selection=False, feature_selection_threshold=0.8, feature_selection_method=classic, feature_interaction=False, feature_ratio=False, interaction_threshold=0.01, fix_imbalance=False, fix_imbalance_method=None, transform_target=False, transform_target_method=box-cox, data_split_shuffle=False, data_split_stratify=False, fold_strategy=kfold, fold=10, fold_shuffle=False, fold_groups=None, n_jobs=-1, use_gpu=False, custom_pipeline=None, html=True, session_id=123, log_experiment=False, experiment_name=None, log_plots=False, log_profile=False, log_data=False, silent=False, verbose=True, profile=False, profile_kwargs=None, display=None)
2022-03-19 18:51:28,658:INFO:Checking environment
2022-03-19 18:51:28,659:INFO:python_version: 3.9.7
2022-03-19 18:51:28,660:INFO:python_build: ('default', 'Sep 16 2021 16:59:28')
2022-03-19 18:51:28,661:INFO:machine: AMD64
2022-03-19 18:51:28,675:INFO:platform: Windows-10-10.0.22000-SP0
2022-03-19 18:51:28,676:INFO:Memory: svmem(total=16801886208, available=5966405632, percent=64.5, used=10835480576, free=5966405632)
2022-03-19 18:51:28,676:INFO:Physical Core: 4
2022-03-19 18:51:28,677:INFO:Logical Core: 8
2022-03-19 18:51:28,677:INFO:Checking libraries
2022-03-19 18:51:28,678:INFO:pd==1.3.4
2022-03-19 18:51:28,678:INFO:numpy==1.20.3
2022-03-19 18:51:28,679:INFO:sklearn==0.23.2
2022-03-19 18:51:28,679:INFO:lightgbm==3.3.2
2022-03-19 18:51:28,680:WARNING:catboost not found
2022-03-19 18:51:28,681:WARNING:xgboost not found
2022-03-19 18:51:29,516:INFO:mlflow==1.24.0
2022-03-19 18:51:29,516:INFO:Checking Exceptions
2022-03-19 18:51:29,516:INFO:Declaring global variables
2022-03-19 18:51:29,516:INFO:USI: 9338
2022-03-19 18:51:29,520:INFO:pycaret_globals: {'USI', 'fold_shuffle_param', 'prep_pipe', '_all_models_internal', '_gpu_n_jobs_param', 'imputation_classifier', 'fold_groups_param_full', '_ml_usecase', 'fold_param', 'iterative_imputation_iters_param', '_available_plots', 'X', 'html_param', 'experiment__', 'fold_groups_param', 'transform_target_param', 'gpu_param', 'fold_generator', 'imputation_regressor', 'pycaret_globals', 'create_model_container', 'data_before_preprocess', 'fix_imbalance_method_param', 'stratify_param', 'fix_imbalance_param', 'master_model_container', 'target_param', 'logging_param', 'seed', 'exp_name_log', '_all_metrics', 'log_plots_param', 'n_jobs_param', '_internal_pipeline', '_all_models', 'display_container', 'transform_target_method_param'}
2022-03-19 18:51:29,520:INFO:Preparing display monitor
2022-03-19 18:51:29,520:INFO:Preparing display monitor
2022-03-19 18:51:29,540:INFO:Importing libraries
2022-03-19 18:51:29,540:INFO:Copying data for preprocessing
2022-03-19 18:51:29,556:INFO:Declaring preprocessing parameters
2022-03-19 18:51:29,556:INFO:Creating preprocessing pipeline
2022-03-19 18:51:29,556:INFO:Preprocessing pipeline created successfully
2022-03-19 18:51:29,556:ERROR:(Process Exit): setup has been interupted with user command 'quit'. setup must rerun.
2022-03-19 18:51:29,571:INFO:Creating global containers
2022-03-19 18:51:29,572:INFO:Internal pipeline: Pipeline(memory=None, steps=[('empty_step', 'passthrough')], verbose=False)
2022-03-19 18:53:58,125:INFO:PyCaret Supervised Module
2022-03-19 18:53:58,126:INFO:ML Usecase: anomaly
2022-03-19 18:53:58,127:INFO:version 2.3.6
2022-03-19 18:53:58,128:INFO:Initializing setup()
2022-03-19 18:53:58,128:INFO:setup(target=None, ml_usecase=anomaly, available_plots={'tsne': 'Anomaly TSnE (3d)', 'umap': 'UMAP Dimensionality'}, train_size=0.7, test_data=None, preprocess=True, imputation_type=simple, iterative_imputation_iters=5, categorical_features=None, categorical_imputation=mode, categorical_iterative_imputer=lightgbm, ordinal_features=None, high_cardinality_features=None, high_cardinality_method=frequency, numeric_features=None, numeric_imputation=mean, numeric_iterative_imputer=lightgbm, date_features=None, ignore_features=None, normalize=False, normalize_method=zscore, transformation=False, transformation_method=yeo-johnson, handle_unknown_categorical=True, unknown_categorical_method=least_frequent, pca=False, pca_method=linear, pca_components=None, ignore_low_variance=False, combine_rare_levels=False, rare_level_threshold=0.1, bin_numeric_features=None, remove_outliers=False, outliers_threshold=0.05, remove_multicollinearity=False, multicollinearity_threshold=0.9, remove_perfect_collinearity=False, create_clusters=False, cluster_iter=20, polynomial_features=False, polynomial_degree=2, trigonometry_features=False, polynomial_threshold=0.1, group_features=None, group_names=None, feature_selection=False, feature_selection_threshold=0.8, feature_selection_method=classic, feature_interaction=False, feature_ratio=False, interaction_threshold=0.01, fix_imbalance=False, fix_imbalance_method=None, transform_target=False, transform_target_method=box-cox, data_split_shuffle=False, data_split_stratify=False, fold_strategy=kfold, fold=10, fold_shuffle=False, fold_groups=None, n_jobs=-1, use_gpu=False, custom_pipeline=None, html=True, session_id=123, log_experiment=False, experiment_name=None, log_plots=False, log_profile=False, log_data=False, silent=False, verbose=True, profile=False, profile_kwargs=None, display=None)
2022-03-19 18:53:58,129:INFO:Checking environment
2022-03-19 18:53:58,129:INFO:python_version: 3.9.7
2022-03-19 18:53:58,129:INFO:python_build: ('default', 'Sep 16 2021 16:59:28')
2022-03-19 18:53:58,130:INFO:machine: AMD64
2022-03-19 18:53:58,130:INFO:platform: Windows-10-10.0.22000-SP0
2022-03-19 18:53:58,130:INFO:Memory: svmem(total=16801886208, available=6146277376, percent=63.4, used=10655608832, free=6146277376)
2022-03-19 18:53:58,130:INFO:Physical Core: 4
2022-03-19 18:53:58,131:INFO:Logical Core: 8
2022-03-19 18:53:58,131:INFO:Checking libraries
2022-03-19 18:53:58,131:INFO:pd==1.3.4
2022-03-19 18:53:58,131:INFO:numpy==1.20.3
2022-03-19 18:53:58,132:INFO:sklearn==0.23.2
2022-03-19 18:53:58,132:INFO:lightgbm==3.3.2
2022-03-19 18:53:58,132:WARNING:catboost not found
2022-03-19 18:53:58,133:WARNING:xgboost not found
2022-03-19 18:53:58,133:INFO:mlflow==1.24.0
2022-03-19 18:53:58,133:INFO:Checking Exceptions
2022-03-19 18:53:58,134:INFO:Declaring global variables
2022-03-19 18:53:58,134:INFO:USI: 9b58
2022-03-19 18:53:58,134:INFO:pycaret_globals: {'USI', 'fold_shuffle_param', 'prep_pipe', '_all_models_internal', '_gpu_n_jobs_param', 'imputation_classifier', 'fold_groups_param_full', '_ml_usecase', 'fold_param', 'iterative_imputation_iters_param', '_available_plots', 'X', 'html_param', 'experiment__', 'fold_groups_param', 'transform_target_param', 'gpu_param', 'fold_generator', 'imputation_regressor', 'pycaret_globals', 'create_model_container', 'data_before_preprocess', 'fix_imbalance_method_param', 'stratify_param', 'fix_imbalance_param', 'master_model_container', 'target_param', 'logging_param', 'seed', 'exp_name_log', '_all_metrics', 'log_plots_param', 'n_jobs_param', '_internal_pipeline', '_all_models', 'display_container', 'transform_target_method_param'}
2022-03-19 18:53:58,134:INFO:Preparing display monitor
2022-03-19 18:53:58,134:INFO:Preparing display monitor
2022-03-19 18:53:58,158:INFO:Importing libraries
2022-03-19 18:53:58,158:INFO:Copying data for preprocessing
2022-03-19 18:53:58,166:INFO:Declaring preprocessing parameters
2022-03-19 18:53:58,170:INFO:Creating preprocessing pipeline
2022-03-19 18:53:58,180:INFO:Preprocessing pipeline created successfully
2022-03-19 18:53:58,181:ERROR:(Process Exit): setup has been interupted with user command 'quit'. setup must rerun.
2022-03-19 18:53:58,182:INFO:Creating global containers
2022-03-19 18:53:58,182:INFO:Internal pipeline: Pipeline(memory=None, steps=[('empty_step', 'passthrough')], verbose=False)
2022-03-19 19:02:33,123:INFO:Initializing create_model()
2022-03-19 19:02:33,124:INFO:create_model(estimator=iforest, num_clusters=4, fraction=0.05, ground_truth=None, round=4, fit_kwargs=None, verbose=True, system=True, add_to_model_list=True, raise_num_clusters=False, display=None, kwargs={})
2022-03-19 19:02:33,124:INFO:Checking exceptions
2022-03-19 19:02:33,124:INFO:Preparing display monitor
2022-03-19 19:02:33,142:INFO:Importing libraries
2022-03-19 19:02:33,152:INFO:Importing untrained model
2022-03-19 19:02:33,161:INFO:Isolation Forest Imported succesfully
2022-03-19 19:02:33,174:INFO:Fitting Model
2022-03-19 19:02:33,717:INFO:IForest(behaviour='new', bootstrap=False, contamination=0.05,
    max_features=1.0, max_samples='auto', n_estimators=100, n_jobs=-1,
    random_state=123, verbose=0)
2022-03-19 19:02:33,718:INFO:create_models() succesfully completed......................................
2022-03-19 19:02:33,719:INFO:Uploading results into container
2022-03-19 19:02:33,719:INFO:Uploading model into container now
2022-03-19 19:02:33,720:INFO:create_model_container: 2
2022-03-19 19:02:33,721:INFO:master_model_container: 2
2022-03-19 19:02:33,721:INFO:display_container: 3
2022-03-19 19:02:33,722:INFO:IForest(behaviour='new', bootstrap=False, contamination=0.05,
    max_features=1.0, max_samples='auto', n_estimators=100, n_jobs=-1,
    random_state=123, verbose=0)
2022-03-19 19:02:33,722:INFO:create_model() succesfully completed......................................
2022-03-19 19:09:15,653:INFO:PyCaret Supervised Module
2022-03-19 19:09:15,660:INFO:ML Usecase: anomaly
2022-03-19 19:09:15,662:INFO:version 2.3.6
2022-03-19 19:09:15,664:INFO:Initializing setup()
2022-03-19 19:09:15,664:INFO:setup(target=None, ml_usecase=anomaly, available_plots={'tsne': 'Anomaly TSnE (3d)', 'umap': 'UMAP Dimensionality'}, train_size=0.7, test_data=None, preprocess=True, imputation_type=simple, iterative_imputation_iters=5, categorical_features=None, categorical_imputation=mode, categorical_iterative_imputer=lightgbm, ordinal_features=None, high_cardinality_features=None, high_cardinality_method=frequency, numeric_features=None, numeric_imputation=mean, numeric_iterative_imputer=lightgbm, date_features=None, ignore_features=None, normalize=False, normalize_method=zscore, transformation=False, transformation_method=yeo-johnson, handle_unknown_categorical=True, unknown_categorical_method=least_frequent, pca=False, pca_method=linear, pca_components=None, ignore_low_variance=False, combine_rare_levels=False, rare_level_threshold=0.1, bin_numeric_features=None, remove_outliers=False, outliers_threshold=0.05, remove_multicollinearity=False, multicollinearity_threshold=0.9, remove_perfect_collinearity=False, create_clusters=False, cluster_iter=20, polynomial_features=False, polynomial_degree=2, trigonometry_features=False, polynomial_threshold=0.1, group_features=None, group_names=None, feature_selection=False, feature_selection_threshold=0.8, feature_selection_method=classic, feature_interaction=False, feature_ratio=False, interaction_threshold=0.01, fix_imbalance=False, fix_imbalance_method=None, transform_target=False, transform_target_method=box-cox, data_split_shuffle=False, data_split_stratify=False, fold_strategy=kfold, fold=10, fold_shuffle=False, fold_groups=None, n_jobs=-1, use_gpu=False, custom_pipeline=None, html=True, session_id=123, log_experiment=False, experiment_name=None, log_plots=False, log_profile=False, log_data=False, silent=False, verbose=True, profile=False, profile_kwargs=None, display=None)
2022-03-19 19:09:15,665:INFO:Checking environment
2022-03-19 19:09:15,666:INFO:python_version: 3.9.7
2022-03-19 19:09:15,667:INFO:python_build: ('default', 'Sep 16 2021 16:59:28')
2022-03-19 19:09:15,667:INFO:machine: AMD64
2022-03-19 19:09:15,668:INFO:platform: Windows-10-10.0.22000-SP0
2022-03-19 19:09:15,668:INFO:Memory: svmem(total=16801886208, available=6521544704, percent=61.2, used=10280341504, free=6521544704)
2022-03-19 19:09:15,669:INFO:Physical Core: 4
2022-03-19 19:09:15,669:INFO:Logical Core: 8
2022-03-19 19:09:15,670:INFO:Checking libraries
2022-03-19 19:09:15,671:INFO:pd==1.3.4
2022-03-19 19:09:15,671:INFO:numpy==1.20.3
2022-03-19 19:09:15,671:INFO:sklearn==0.23.2
2022-03-19 19:09:15,672:INFO:lightgbm==3.3.2
2022-03-19 19:09:15,674:WARNING:catboost not found
2022-03-19 19:09:15,676:WARNING:xgboost not found
2022-03-19 19:09:15,676:INFO:mlflow==1.24.0
2022-03-19 19:09:15,676:INFO:Checking Exceptions
2022-03-19 19:10:29,431:INFO:PyCaret Supervised Module
2022-03-19 19:10:29,432:INFO:ML Usecase: anomaly
2022-03-19 19:10:29,434:INFO:version 2.3.6
2022-03-19 19:10:29,434:INFO:Initializing setup()
2022-03-19 19:10:29,435:INFO:setup(target=None, ml_usecase=anomaly, available_plots={'tsne': 'Anomaly TSnE (3d)', 'umap': 'UMAP Dimensionality'}, train_size=0.7, test_data=None, preprocess=True, imputation_type=simple, iterative_imputation_iters=5, categorical_features=None, categorical_imputation=mode, categorical_iterative_imputer=lightgbm, ordinal_features=None, high_cardinality_features=None, high_cardinality_method=frequency, numeric_features=None, numeric_imputation=mean, numeric_iterative_imputer=lightgbm, date_features=None, ignore_features=None, normalize=False, normalize_method=zscore, transformation=False, transformation_method=yeo-johnson, handle_unknown_categorical=True, unknown_categorical_method=least_frequent, pca=False, pca_method=linear, pca_components=None, ignore_low_variance=False, combine_rare_levels=False, rare_level_threshold=0.1, bin_numeric_features=None, remove_outliers=False, outliers_threshold=0.05, remove_multicollinearity=False, multicollinearity_threshold=0.9, remove_perfect_collinearity=False, create_clusters=False, cluster_iter=20, polynomial_features=False, polynomial_degree=2, trigonometry_features=False, polynomial_threshold=0.1, group_features=None, group_names=None, feature_selection=False, feature_selection_threshold=0.8, feature_selection_method=classic, feature_interaction=False, feature_ratio=False, interaction_threshold=0.01, fix_imbalance=False, fix_imbalance_method=None, transform_target=False, transform_target_method=box-cox, data_split_shuffle=False, data_split_stratify=False, fold_strategy=kfold, fold=10, fold_shuffle=False, fold_groups=None, n_jobs=-1, use_gpu=False, custom_pipeline=None, html=True, session_id=123, log_experiment=False, experiment_name=None, log_plots=False, log_profile=False, log_data=False, silent=False, verbose=True, profile=False, profile_kwargs=None, display=None)
2022-03-19 19:10:29,436:INFO:Checking environment
2022-03-19 19:10:29,436:INFO:python_version: 3.9.7
2022-03-19 19:10:29,437:INFO:python_build: ('default', 'Sep 16 2021 16:59:28')
2022-03-19 19:10:29,438:INFO:machine: AMD64
2022-03-19 19:10:29,438:INFO:platform: Windows-10-10.0.22000-SP0
2022-03-19 19:10:29,440:INFO:Memory: svmem(total=16801886208, available=6527045632, percent=61.2, used=10274840576, free=6527045632)
2022-03-19 19:10:29,441:INFO:Physical Core: 4
2022-03-19 19:10:29,441:INFO:Logical Core: 8
2022-03-19 19:10:29,442:INFO:Checking libraries
2022-03-19 19:10:29,444:INFO:pd==1.3.4
2022-03-19 19:10:29,445:INFO:numpy==1.20.3
2022-03-19 19:10:29,445:INFO:sklearn==0.23.2
2022-03-19 19:10:29,446:INFO:lightgbm==3.3.2
2022-03-19 19:10:29,449:WARNING:catboost not found
2022-03-19 19:10:29,451:WARNING:xgboost not found
2022-03-19 19:10:29,453:INFO:mlflow==1.24.0
2022-03-19 19:10:29,454:INFO:Checking Exceptions
2022-03-19 19:10:44,387:INFO:PyCaret Supervised Module
2022-03-19 19:10:44,387:INFO:ML Usecase: anomaly
2022-03-19 19:10:44,389:INFO:version 2.3.6
2022-03-19 19:10:44,390:INFO:Initializing setup()
2022-03-19 19:10:44,391:INFO:setup(target=None, ml_usecase=anomaly, available_plots={'tsne': 'Anomaly TSnE (3d)', 'umap': 'UMAP Dimensionality'}, train_size=0.7, test_data=None, preprocess=True, imputation_type=simple, iterative_imputation_iters=5, categorical_features=None, categorical_imputation=mode, categorical_iterative_imputer=lightgbm, ordinal_features=None, high_cardinality_features=None, high_cardinality_method=frequency, numeric_features=None, numeric_imputation=mean, numeric_iterative_imputer=lightgbm, date_features=None, ignore_features=None, normalize=False, normalize_method=zscore, transformation=False, transformation_method=yeo-johnson, handle_unknown_categorical=True, unknown_categorical_method=least_frequent, pca=False, pca_method=linear, pca_components=None, ignore_low_variance=False, combine_rare_levels=False, rare_level_threshold=0.1, bin_numeric_features=None, remove_outliers=False, outliers_threshold=0.05, remove_multicollinearity=False, multicollinearity_threshold=0.9, remove_perfect_collinearity=False, create_clusters=False, cluster_iter=20, polynomial_features=False, polynomial_degree=2, trigonometry_features=False, polynomial_threshold=0.1, group_features=None, group_names=None, feature_selection=False, feature_selection_threshold=0.8, feature_selection_method=classic, feature_interaction=False, feature_ratio=False, interaction_threshold=0.01, fix_imbalance=False, fix_imbalance_method=None, transform_target=False, transform_target_method=box-cox, data_split_shuffle=False, data_split_stratify=False, fold_strategy=kfold, fold=10, fold_shuffle=False, fold_groups=None, n_jobs=-1, use_gpu=False, custom_pipeline=None, html=True, session_id=123, log_experiment=False, experiment_name=None, log_plots=False, log_profile=False, log_data=False, silent=False, verbose=True, profile=False, profile_kwargs=None, display=None)
2022-03-19 19:10:44,391:INFO:Checking environment
2022-03-19 19:10:44,392:INFO:python_version: 3.9.7
2022-03-19 19:10:44,392:INFO:python_build: ('default', 'Sep 16 2021 16:59:28')
2022-03-19 19:10:44,393:INFO:machine: AMD64
2022-03-19 19:10:44,394:INFO:platform: Windows-10-10.0.22000-SP0
2022-03-19 19:10:44,395:INFO:Memory: svmem(total=16801886208, available=6557057024, percent=61.0, used=10244829184, free=6557057024)
2022-03-19 19:10:44,395:INFO:Physical Core: 4
2022-03-19 19:10:44,396:INFO:Logical Core: 8
2022-03-19 19:10:44,396:INFO:Checking libraries
2022-03-19 19:10:44,397:INFO:pd==1.3.4
2022-03-19 19:10:44,397:INFO:numpy==1.20.3
2022-03-19 19:10:44,398:INFO:sklearn==0.23.2
2022-03-19 19:10:44,399:INFO:lightgbm==3.3.2
2022-03-19 19:10:44,401:WARNING:catboost not found
2022-03-19 19:10:44,404:WARNING:xgboost not found
2022-03-19 19:10:44,405:INFO:mlflow==1.24.0
2022-03-19 19:10:44,407:INFO:Checking Exceptions
2022-03-19 19:10:47,705:INFO:PyCaret Supervised Module
2022-03-19 19:10:47,705:INFO:ML Usecase: anomaly
2022-03-19 19:10:47,706:INFO:version 2.3.6
2022-03-19 19:10:47,707:INFO:Initializing setup()
2022-03-19 19:10:47,707:INFO:setup(target=None, ml_usecase=anomaly, available_plots={'tsne': 'Anomaly TSnE (3d)', 'umap': 'UMAP Dimensionality'}, train_size=0.7, test_data=None, preprocess=True, imputation_type=simple, iterative_imputation_iters=5, categorical_features=None, categorical_imputation=mode, categorical_iterative_imputer=lightgbm, ordinal_features=None, high_cardinality_features=None, high_cardinality_method=frequency, numeric_features=None, numeric_imputation=mean, numeric_iterative_imputer=lightgbm, date_features=None, ignore_features=None, normalize=False, normalize_method=zscore, transformation=False, transformation_method=yeo-johnson, handle_unknown_categorical=True, unknown_categorical_method=least_frequent, pca=False, pca_method=linear, pca_components=None, ignore_low_variance=False, combine_rare_levels=False, rare_level_threshold=0.1, bin_numeric_features=None, remove_outliers=False, outliers_threshold=0.05, remove_multicollinearity=False, multicollinearity_threshold=0.9, remove_perfect_collinearity=False, create_clusters=False, cluster_iter=20, polynomial_features=False, polynomial_degree=2, trigonometry_features=False, polynomial_threshold=0.1, group_features=None, group_names=None, feature_selection=False, feature_selection_threshold=0.8, feature_selection_method=classic, feature_interaction=False, feature_ratio=False, interaction_threshold=0.01, fix_imbalance=False, fix_imbalance_method=None, transform_target=False, transform_target_method=box-cox, data_split_shuffle=False, data_split_stratify=False, fold_strategy=kfold, fold=10, fold_shuffle=False, fold_groups=None, n_jobs=-1, use_gpu=False, custom_pipeline=None, html=True, session_id=123, log_experiment=False, experiment_name=None, log_plots=False, log_profile=False, log_data=False, silent=False, verbose=True, profile=False, profile_kwargs=None, display=None)
2022-03-19 19:10:47,707:INFO:Checking environment
2022-03-19 19:10:47,708:INFO:python_version: 3.9.7
2022-03-19 19:10:47,708:INFO:python_build: ('default', 'Sep 16 2021 16:59:28')
2022-03-19 19:10:47,708:INFO:machine: AMD64
2022-03-19 19:10:47,709:INFO:platform: Windows-10-10.0.22000-SP0
2022-03-19 19:10:47,709:INFO:Memory: svmem(total=16801886208, available=6565736448, percent=60.9, used=10236149760, free=6565736448)
2022-03-19 19:10:47,710:INFO:Physical Core: 4
2022-03-19 19:10:47,710:INFO:Logical Core: 8
2022-03-19 19:10:47,710:INFO:Checking libraries
2022-03-19 19:10:47,711:INFO:pd==1.3.4
2022-03-19 19:10:47,711:INFO:numpy==1.20.3
2022-03-19 19:10:47,712:INFO:sklearn==0.23.2
2022-03-19 19:10:47,713:INFO:lightgbm==3.3.2
2022-03-19 19:10:47,713:WARNING:catboost not found
2022-03-19 19:10:47,714:WARNING:xgboost not found
2022-03-19 19:10:47,714:INFO:mlflow==1.24.0
2022-03-19 19:10:47,715:INFO:Checking Exceptions
2022-03-19 19:10:50,903:INFO:PyCaret Supervised Module
2022-03-19 19:10:50,904:INFO:ML Usecase: anomaly
2022-03-19 19:10:50,905:INFO:version 2.3.6
2022-03-19 19:10:50,906:INFO:Initializing setup()
2022-03-19 19:10:50,906:INFO:setup(target=None, ml_usecase=anomaly, available_plots={'tsne': 'Anomaly TSnE (3d)', 'umap': 'UMAP Dimensionality'}, train_size=0.7, test_data=None, preprocess=True, imputation_type=simple, iterative_imputation_iters=5, categorical_features=None, categorical_imputation=mode, categorical_iterative_imputer=lightgbm, ordinal_features=None, high_cardinality_features=None, high_cardinality_method=frequency, numeric_features=None, numeric_imputation=mean, numeric_iterative_imputer=lightgbm, date_features=None, ignore_features=None, normalize=False, normalize_method=zscore, transformation=False, transformation_method=yeo-johnson, handle_unknown_categorical=True, unknown_categorical_method=least_frequent, pca=False, pca_method=linear, pca_components=None, ignore_low_variance=False, combine_rare_levels=False, rare_level_threshold=0.1, bin_numeric_features=None, remove_outliers=False, outliers_threshold=0.05, remove_multicollinearity=False, multicollinearity_threshold=0.9, remove_perfect_collinearity=False, create_clusters=False, cluster_iter=20, polynomial_features=False, polynomial_degree=2, trigonometry_features=False, polynomial_threshold=0.1, group_features=None, group_names=None, feature_selection=False, feature_selection_threshold=0.8, feature_selection_method=classic, feature_interaction=False, feature_ratio=False, interaction_threshold=0.01, fix_imbalance=False, fix_imbalance_method=None, transform_target=False, transform_target_method=box-cox, data_split_shuffle=False, data_split_stratify=False, fold_strategy=kfold, fold=10, fold_shuffle=False, fold_groups=None, n_jobs=-1, use_gpu=False, custom_pipeline=None, html=True, session_id=123, log_experiment=False, experiment_name=None, log_plots=False, log_profile=False, log_data=False, silent=False, verbose=True, profile=False, profile_kwargs=None, display=None)
2022-03-19 19:10:50,906:INFO:Checking environment
2022-03-19 19:10:50,907:INFO:python_version: 3.9.7
2022-03-19 19:10:50,907:INFO:python_build: ('default', 'Sep 16 2021 16:59:28')
2022-03-19 19:10:50,907:INFO:machine: AMD64
2022-03-19 19:10:50,908:INFO:platform: Windows-10-10.0.22000-SP0
2022-03-19 19:10:50,908:INFO:Memory: svmem(total=16801886208, available=6564962304, percent=60.9, used=10236923904, free=6564962304)
2022-03-19 19:10:50,908:INFO:Physical Core: 4
2022-03-19 19:10:50,909:INFO:Logical Core: 8
2022-03-19 19:10:50,909:INFO:Checking libraries
2022-03-19 19:10:50,909:INFO:pd==1.3.4
2022-03-19 19:10:50,909:INFO:numpy==1.20.3
2022-03-19 19:10:50,910:INFO:sklearn==0.23.2
2022-03-19 19:10:50,910:INFO:lightgbm==3.3.2
2022-03-19 19:10:50,912:WARNING:catboost not found
2022-03-19 19:10:50,913:WARNING:xgboost not found
2022-03-19 19:10:50,914:INFO:mlflow==1.24.0
2022-03-19 19:10:50,914:INFO:Checking Exceptions
2022-03-19 19:11:15,435:INFO:PyCaret Supervised Module
2022-03-19 19:11:15,435:INFO:ML Usecase: anomaly
2022-03-19 19:11:15,435:INFO:version 2.3.6
2022-03-19 19:11:15,435:INFO:Initializing setup()
2022-03-19 19:11:15,435:INFO:setup(target=None, ml_usecase=anomaly, available_plots={'tsne': 'Anomaly TSnE (3d)', 'umap': 'UMAP Dimensionality'}, train_size=0.7, test_data=None, preprocess=True, imputation_type=simple, iterative_imputation_iters=5, categorical_features=None, categorical_imputation=mode, categorical_iterative_imputer=lightgbm, ordinal_features=None, high_cardinality_features=None, high_cardinality_method=frequency, numeric_features=None, numeric_imputation=mean, numeric_iterative_imputer=lightgbm, date_features=None, ignore_features=None, normalize=False, normalize_method=zscore, transformation=False, transformation_method=yeo-johnson, handle_unknown_categorical=True, unknown_categorical_method=least_frequent, pca=False, pca_method=linear, pca_components=None, ignore_low_variance=False, combine_rare_levels=False, rare_level_threshold=0.1, bin_numeric_features=None, remove_outliers=False, outliers_threshold=0.05, remove_multicollinearity=False, multicollinearity_threshold=0.9, remove_perfect_collinearity=False, create_clusters=False, cluster_iter=20, polynomial_features=False, polynomial_degree=2, trigonometry_features=False, polynomial_threshold=0.1, group_features=None, group_names=None, feature_selection=False, feature_selection_threshold=0.8, feature_selection_method=classic, feature_interaction=False, feature_ratio=False, interaction_threshold=0.01, fix_imbalance=False, fix_imbalance_method=None, transform_target=False, transform_target_method=box-cox, data_split_shuffle=False, data_split_stratify=False, fold_strategy=kfold, fold=10, fold_shuffle=False, fold_groups=None, n_jobs=-1, use_gpu=False, custom_pipeline=None, html=True, session_id=123, log_experiment=False, experiment_name=None, log_plots=False, log_profile=False, log_data=False, silent=False, verbose=True, profile=False, profile_kwargs=None, display=None)
2022-03-19 19:11:15,435:INFO:Checking environment
2022-03-19 19:11:15,435:INFO:python_version: 3.9.7
2022-03-19 19:11:15,435:INFO:python_build: ('default', 'Sep 16 2021 16:59:28')
2022-03-19 19:11:15,435:INFO:machine: AMD64
2022-03-19 19:11:15,435:INFO:platform: Windows-10-10.0.22000-SP0
2022-03-19 19:11:15,451:INFO:Memory: svmem(total=16801886208, available=6408298496, percent=61.9, used=10393587712, free=6408298496)
2022-03-19 19:11:15,453:INFO:Physical Core: 4
2022-03-19 19:11:15,453:INFO:Logical Core: 8
2022-03-19 19:11:15,453:INFO:Checking libraries
2022-03-19 19:11:15,453:INFO:pd==1.3.4
2022-03-19 19:11:15,453:INFO:numpy==1.20.3
2022-03-19 19:11:15,453:INFO:sklearn==0.23.2
2022-03-19 19:11:15,462:INFO:lightgbm==3.3.2
2022-03-19 19:11:15,462:WARNING:catboost not found
2022-03-19 19:11:15,462:WARNING:xgboost not found
2022-03-19 19:11:15,462:INFO:mlflow==1.24.0
2022-03-19 19:11:15,462:INFO:Checking Exceptions
2022-03-19 19:11:19,924:INFO:PyCaret Supervised Module
2022-03-19 19:11:19,925:INFO:ML Usecase: anomaly
2022-03-19 19:11:19,926:INFO:version 2.3.6
2022-03-19 19:11:19,926:INFO:Initializing setup()
2022-03-19 19:11:19,927:INFO:setup(target=None, ml_usecase=anomaly, available_plots={'tsne': 'Anomaly TSnE (3d)', 'umap': 'UMAP Dimensionality'}, train_size=0.7, test_data=None, preprocess=True, imputation_type=simple, iterative_imputation_iters=5, categorical_features=None, categorical_imputation=mode, categorical_iterative_imputer=lightgbm, ordinal_features=None, high_cardinality_features=None, high_cardinality_method=frequency, numeric_features=None, numeric_imputation=mean, numeric_iterative_imputer=lightgbm, date_features=None, ignore_features=None, normalize=False, normalize_method=zscore, transformation=False, transformation_method=yeo-johnson, handle_unknown_categorical=True, unknown_categorical_method=least_frequent, pca=False, pca_method=linear, pca_components=None, ignore_low_variance=False, combine_rare_levels=False, rare_level_threshold=0.1, bin_numeric_features=None, remove_outliers=False, outliers_threshold=0.05, remove_multicollinearity=False, multicollinearity_threshold=0.9, remove_perfect_collinearity=False, create_clusters=False, cluster_iter=20, polynomial_features=False, polynomial_degree=2, trigonometry_features=False, polynomial_threshold=0.1, group_features=None, group_names=None, feature_selection=False, feature_selection_threshold=0.8, feature_selection_method=classic, feature_interaction=False, feature_ratio=False, interaction_threshold=0.01, fix_imbalance=False, fix_imbalance_method=None, transform_target=False, transform_target_method=box-cox, data_split_shuffle=False, data_split_stratify=False, fold_strategy=kfold, fold=10, fold_shuffle=False, fold_groups=None, n_jobs=-1, use_gpu=False, custom_pipeline=None, html=True, session_id=123, log_experiment=False, experiment_name=None, log_plots=False, log_profile=False, log_data=False, silent=False, verbose=True, profile=False, profile_kwargs=None, display=None)
2022-03-19 19:11:19,927:INFO:Checking environment
2022-03-19 19:11:19,928:INFO:python_version: 3.9.7
2022-03-19 19:11:19,928:INFO:python_build: ('default', 'Sep 16 2021 16:59:28')
2022-03-19 19:11:19,928:INFO:machine: AMD64
2022-03-19 19:11:19,928:INFO:platform: Windows-10-10.0.22000-SP0
2022-03-19 19:11:19,929:INFO:Memory: svmem(total=16801886208, available=6448910336, percent=61.6, used=10352975872, free=6448910336)
2022-03-19 19:11:19,929:INFO:Physical Core: 4
2022-03-19 19:11:19,929:INFO:Logical Core: 8
2022-03-19 19:11:19,929:INFO:Checking libraries
2022-03-19 19:11:19,930:INFO:pd==1.3.4
2022-03-19 19:11:19,930:INFO:numpy==1.20.3
2022-03-19 19:11:19,930:INFO:sklearn==0.23.2
2022-03-19 19:11:19,930:INFO:lightgbm==3.3.2
2022-03-19 19:11:19,931:WARNING:catboost not found
2022-03-19 19:11:19,933:WARNING:xgboost not found
2022-03-19 19:11:19,933:INFO:mlflow==1.24.0
2022-03-19 19:11:19,933:INFO:Checking Exceptions
2022-03-19 19:12:00,727:INFO:PyCaret Supervised Module
2022-03-19 19:12:00,728:INFO:ML Usecase: anomaly
2022-03-19 19:12:00,730:INFO:version 2.3.6
2022-03-19 19:12:00,730:INFO:Initializing setup()
2022-03-19 19:12:00,730:INFO:setup(target=None, ml_usecase=anomaly, available_plots={'tsne': 'Anomaly TSnE (3d)', 'umap': 'UMAP Dimensionality'}, train_size=0.7, test_data=None, preprocess=True, imputation_type=simple, iterative_imputation_iters=5, categorical_features=None, categorical_imputation=mode, categorical_iterative_imputer=lightgbm, ordinal_features=None, high_cardinality_features=None, high_cardinality_method=frequency, numeric_features=None, numeric_imputation=mean, numeric_iterative_imputer=lightgbm, date_features=None, ignore_features=None, normalize=False, normalize_method=zscore, transformation=False, transformation_method=yeo-johnson, handle_unknown_categorical=True, unknown_categorical_method=least_frequent, pca=False, pca_method=linear, pca_components=None, ignore_low_variance=False, combine_rare_levels=False, rare_level_threshold=0.1, bin_numeric_features=None, remove_outliers=False, outliers_threshold=0.05, remove_multicollinearity=False, multicollinearity_threshold=0.9, remove_perfect_collinearity=False, create_clusters=False, cluster_iter=20, polynomial_features=False, polynomial_degree=2, trigonometry_features=False, polynomial_threshold=0.1, group_features=None, group_names=None, feature_selection=False, feature_selection_threshold=0.8, feature_selection_method=classic, feature_interaction=False, feature_ratio=False, interaction_threshold=0.01, fix_imbalance=False, fix_imbalance_method=None, transform_target=False, transform_target_method=box-cox, data_split_shuffle=False, data_split_stratify=False, fold_strategy=kfold, fold=10, fold_shuffle=False, fold_groups=None, n_jobs=-1, use_gpu=False, custom_pipeline=None, html=True, session_id=123, log_experiment=False, experiment_name=None, log_plots=False, log_profile=False, log_data=False, silent=False, verbose=True, profile=False, profile_kwargs=None, display=None)
2022-03-19 19:12:00,734:INFO:Checking environment
2022-03-19 19:12:00,735:INFO:python_version: 3.9.7
2022-03-19 19:12:00,735:INFO:python_build: ('default', 'Sep 16 2021 16:59:28')
2022-03-19 19:12:00,736:INFO:machine: AMD64
2022-03-19 19:12:00,736:INFO:platform: Windows-10-10.0.22000-SP0
2022-03-19 19:12:00,736:INFO:Memory: svmem(total=16801886208, available=6386171904, percent=62.0, used=10415714304, free=6386171904)
2022-03-19 19:12:00,736:INFO:Physical Core: 4
2022-03-19 19:12:00,736:INFO:Logical Core: 8
2022-03-19 19:12:00,736:INFO:Checking libraries
2022-03-19 19:12:00,736:INFO:pd==1.3.4
2022-03-19 19:12:00,736:INFO:numpy==1.20.3
2022-03-19 19:12:00,736:INFO:sklearn==0.23.2
2022-03-19 19:12:00,736:INFO:lightgbm==3.3.2
2022-03-19 19:12:00,736:WARNING:catboost not found
2022-03-19 19:12:00,736:WARNING:xgboost not found
2022-03-19 19:12:00,736:INFO:mlflow==1.24.0
2022-03-19 19:12:00,736:INFO:Checking Exceptions
2022-03-19 19:12:00,736:INFO:Declaring global variables
2022-03-19 19:12:00,736:INFO:USI: 228f
2022-03-19 19:12:00,752:INFO:pycaret_globals: {'USI', 'fold_shuffle_param', 'prep_pipe', '_all_models_internal', '_gpu_n_jobs_param', 'imputation_classifier', 'fold_groups_param_full', '_ml_usecase', 'fold_param', 'iterative_imputation_iters_param', '_available_plots', 'X', 'html_param', 'experiment__', 'fold_groups_param', 'transform_target_param', 'gpu_param', 'fold_generator', 'imputation_regressor', 'pycaret_globals', 'create_model_container', 'data_before_preprocess', 'fix_imbalance_method_param', 'stratify_param', 'fix_imbalance_param', 'master_model_container', 'target_param', 'logging_param', 'seed', 'exp_name_log', '_all_metrics', 'log_plots_param', 'n_jobs_param', '_internal_pipeline', '_all_models', 'display_container', 'transform_target_method_param'}
2022-03-19 19:12:00,753:INFO:Preparing display monitor
2022-03-19 19:12:00,753:INFO:Preparing display monitor
2022-03-19 19:12:00,768:INFO:Importing libraries
2022-03-19 19:12:00,768:INFO:Copying data for preprocessing
2022-03-19 19:12:00,771:INFO:Declaring preprocessing parameters
2022-03-19 19:12:00,771:INFO:Creating preprocessing pipeline
2022-03-19 19:12:00,787:INFO:Preprocessing pipeline created successfully
2022-03-19 19:12:00,787:ERROR:(Process Exit): setup has been interupted with user command 'quit'. setup must rerun.
2022-03-19 19:12:00,787:INFO:Creating global containers
2022-03-19 19:12:00,787:INFO:Internal pipeline: Pipeline(memory=None, steps=[('empty_step', 'passthrough')], verbose=False)
2022-03-19 19:27:35,500:INFO:PyCaret Supervised Module
2022-03-19 19:27:35,501:INFO:ML Usecase: anomaly
2022-03-19 19:27:35,502:INFO:version 2.3.6
2022-03-19 19:27:35,503:INFO:Initializing setup()
2022-03-19 19:27:35,503:INFO:setup(target=None, ml_usecase=anomaly, available_plots={'tsne': 'Anomaly TSnE (3d)', 'umap': 'UMAP Dimensionality'}, train_size=0.7, test_data=None, preprocess=True, imputation_type=simple, iterative_imputation_iters=5, categorical_features=None, categorical_imputation=mode, categorical_iterative_imputer=lightgbm, ordinal_features=None, high_cardinality_features=None, high_cardinality_method=frequency, numeric_features=None, numeric_imputation=mean, numeric_iterative_imputer=lightgbm, date_features=None, ignore_features=None, normalize=False, normalize_method=zscore, transformation=False, transformation_method=yeo-johnson, handle_unknown_categorical=True, unknown_categorical_method=least_frequent, pca=False, pca_method=linear, pca_components=None, ignore_low_variance=False, combine_rare_levels=False, rare_level_threshold=0.1, bin_numeric_features=None, remove_outliers=False, outliers_threshold=0.05, remove_multicollinearity=False, multicollinearity_threshold=0.9, remove_perfect_collinearity=False, create_clusters=False, cluster_iter=20, polynomial_features=False, polynomial_degree=2, trigonometry_features=False, polynomial_threshold=0.1, group_features=None, group_names=None, feature_selection=False, feature_selection_threshold=0.8, feature_selection_method=classic, feature_interaction=False, feature_ratio=False, interaction_threshold=0.01, fix_imbalance=False, fix_imbalance_method=None, transform_target=False, transform_target_method=box-cox, data_split_shuffle=False, data_split_stratify=False, fold_strategy=kfold, fold=10, fold_shuffle=False, fold_groups=None, n_jobs=-1, use_gpu=False, custom_pipeline=None, html=True, session_id=123, log_experiment=False, experiment_name=None, log_plots=False, log_profile=False, log_data=False, silent=False, verbose=True, profile=False, profile_kwargs=None, display=None)
2022-03-19 19:27:35,504:INFO:Checking environment
2022-03-19 19:27:35,504:INFO:python_version: 3.9.7
2022-03-19 19:27:35,504:INFO:python_build: ('default', 'Sep 16 2021 16:59:28')
2022-03-19 19:27:35,504:INFO:machine: AMD64
2022-03-19 19:27:35,505:INFO:platform: Windows-10-10.0.22000-SP0
2022-03-19 19:27:35,505:INFO:Memory: svmem(total=16801886208, available=6218088448, percent=63.0, used=10583797760, free=6218088448)
2022-03-19 19:27:35,505:INFO:Physical Core: 4
2022-03-19 19:27:35,505:INFO:Logical Core: 8
2022-03-19 19:27:35,505:INFO:Checking libraries
2022-03-19 19:27:35,506:INFO:pd==1.3.4
2022-03-19 19:27:35,506:INFO:numpy==1.20.3
2022-03-19 19:27:35,506:INFO:sklearn==0.23.2
2022-03-19 19:27:35,506:INFO:lightgbm==3.3.2
2022-03-19 19:27:35,507:WARNING:catboost not found
2022-03-19 19:27:35,508:WARNING:xgboost not found
2022-03-19 19:27:35,509:INFO:mlflow==1.24.0
2022-03-19 19:27:35,509:INFO:Checking Exceptions
2022-03-19 19:27:35,509:INFO:Declaring global variables
2022-03-19 19:27:35,509:INFO:USI: 5b49
2022-03-19 19:27:35,510:INFO:pycaret_globals: {'USI', 'fold_shuffle_param', 'prep_pipe', '_all_models_internal', '_gpu_n_jobs_param', 'imputation_classifier', 'fold_groups_param_full', '_ml_usecase', 'fold_param', 'iterative_imputation_iters_param', '_available_plots', 'X', 'html_param', 'experiment__', 'fold_groups_param', 'transform_target_param', 'gpu_param', 'fold_generator', 'imputation_regressor', 'pycaret_globals', 'create_model_container', 'data_before_preprocess', 'fix_imbalance_method_param', 'stratify_param', 'fix_imbalance_param', 'master_model_container', 'target_param', 'logging_param', 'seed', 'exp_name_log', '_all_metrics', 'log_plots_param', 'n_jobs_param', '_internal_pipeline', '_all_models', 'display_container', 'transform_target_method_param'}
2022-03-19 19:27:35,511:INFO:Preparing display monitor
2022-03-19 19:27:35,511:INFO:Preparing display monitor
2022-03-19 19:27:35,520:INFO:Importing libraries
2022-03-19 19:27:35,520:INFO:Copying data for preprocessing
2022-03-19 19:27:35,529:INFO:Declaring preprocessing parameters
2022-03-19 19:27:35,534:INFO:Creating preprocessing pipeline
2022-03-19 19:27:35,544:INFO:Preprocessing pipeline created successfully
2022-03-19 19:27:35,544:ERROR:(Process Exit): setup has been interupted with user command 'quit'. setup must rerun.
2022-03-19 19:27:35,546:INFO:Creating global containers
2022-03-19 19:27:35,546:INFO:Internal pipeline: Pipeline(memory=None, steps=[('empty_step', 'passthrough')], verbose=False)
